2016-11-28 13:22:34 - PHP Notice:  Undefined variable: description_another in C:\xampp\htdocs\opencart\upload\catalog\view\theme\default\template\product\product.tpl on line 61
2016-11-28 13:24:28 - PHP Notice:  Undefined variable: description_another in C:\xampp\htdocs\opencart\upload\catalog\view\theme\default\template\product\product.tpl on line 61
2016-11-28 13:26:33 - PHP Notice:  Undefined variable: description_another in C:\xampp\htdocs\opencart\upload\catalog\view\theme\default\template\product\product.tpl on line 61
2016-11-28 19:21:44 - PHP Notice:  Undefined variable: description_another in C:\xampp\htdocs\opencart\upload\catalog\view\theme\default\template\product\product.tpl on line 61
2016-11-28 19:43:55 - PHP Notice:  Undefined variable: description_another in C:\xampp\htdocs\opencart\upload\catalog\view\theme\default\template\product\product.tpl on line 61
2016-11-28 19:45:22 - PHP Notice:  Undefined variable: description_another in C:\xampp\htdocs\opencart\upload\catalog\view\theme\default\template\product\product.tpl on line 61
2016-11-29 5:39:56 - PHP Notice:  Undefined variable: description_another in C:\xampp\htdocs\opencart\upload\catalog\view\theme\default\template\product\product.tpl on line 61
2016-11-29 7:03:04 - PHP Notice:  Undefined variable: description_another in C:\xampp\htdocs\opencart\upload\catalog\view\theme\default\template\product\product.tpl on line 62
2016-11-29 7:04:18 - PHP Notice:  Undefined variable: description_another in C:\xampp\htdocs\opencart\upload\catalog\view\theme\default\template\product\product.tpl on line 62
2016-11-29 7:05:24 - PHP Notice:  Undefined variable: description_another in C:\xampp\htdocs\opencart\upload\catalog\view\theme\default\template\product\product.tpl on line 62
2016-11-29 7:05:24 - PHP Notice:  Undefined variable: custom_desc in C:\xampp\htdocs\opencart\upload\catalog\view\theme\default\template\product\product.tpl on line 66
2016-11-29 7:07:12 - PHP Notice:  Undefined variable: description_another in C:\xampp\htdocs\opencart\upload\catalog\view\theme\default\template\product\product.tpl on line 62
2016-11-29 7:07:12 - PHP Notice:  Undefined variable: custom_desc in C:\xampp\htdocs\opencart\upload\catalog\view\theme\default\template\product\product.tpl on line 66
2016-11-29 7:11:44 - PHP Notice:  Undefined index: custom_desc in C:\xampp\htdocs\opencart\upload\catalog\controller\product\product.php on line 394
2016-11-29 7:11:45 - PHP Notice:  Undefined variable: description_another in C:\xampp\htdocs\opencart\upload\catalog\view\theme\default\template\product\product.tpl on line 62
2016-11-29 7:12:04 - PHP Notice:  Undefined index: custom_desc2 in C:\xampp\htdocs\opencart\upload\catalog\controller\product\product.php on line 394
2016-11-29 7:12:04 - PHP Notice:  Undefined variable: description_another in C:\xampp\htdocs\opencart\upload\catalog\view\theme\default\template\product\product.tpl on line 62
2016-11-29 7:13:41 - PHP Notice:  Undefined index: custom_desc in C:\xampp\htdocs\opencart\upload\catalog\controller\product\product.php on line 394
2016-11-29 7:13:41 - PHP Warning:  html_entity_decode() expects parameter 1 to be string, array given in C:\xampp\htdocs\opencart\upload\catalog\controller\product\product.php on line 394
2016-11-29 7:13:41 - PHP Notice:  Undefined variable: description_another in C:\xampp\htdocs\opencart\upload\catalog\view\theme\default\template\product\product.tpl on line 62
2016-11-29 7:15:14 - PHP Notice:  Undefined index: custom_desc in C:\xampp\htdocs\opencart\upload\catalog\controller\product\product.php on line 394
2016-11-29 7:15:14 - PHP Notice:  Undefined variable: description_another in C:\xampp\htdocs\opencart\upload\catalog\view\theme\default\template\product\product.tpl on line 62
2016-11-29 7:18:49 - PHP Notice:  Undefined index: custom_desc in C:\xampp\htdocs\opencart\upload\catalog\controller\product\product.php on line 396
2016-11-29 7:18:49 - PHP Notice:  Undefined variable: description_another in C:\xampp\htdocs\opencart\upload\catalog\view\theme\default\template\product\product.tpl on line 62
2016-11-29 7:19:18 - PHP Notice:  Undefined variable: description_another in C:\xampp\htdocs\opencart\upload\catalog\view\theme\default\template\product\product.tpl on line 62
2016-11-29 7:22:27 - PHP Notice:  Undefined variable: description_another in C:\xampp\htdocs\opencart\upload\catalog\view\theme\default\template\product\product.tpl on line 62
2016-11-29 7:52:14 - PHP Notice:  Undefined variable: description_another in C:\xampp\htdocs\opencart\upload\catalog\view\theme\default\template\product\product.tpl on line 62
2016-11-29 7:53:23 - PHP Notice:  Undefined variable: description_another in C:\xampp\htdocs\opencart\upload\catalog\view\theme\default\template\product\product.tpl on line 62
2016-11-29 7:55:01 - PHP Notice:  Undefined variable: description_another in C:\xampp\htdocs\opencart\upload\catalog\view\theme\default\template\product\product.tpl on line 62
2016-11-29 9:24:35 - PHP Notice:  Undefined index: custom_address in H:\xampp\htdocs\opencart\upload\catalog\model\catalog\product.php on line 16
2016-11-29 9:24:35 - PHP Notice:  Undefined index: custom_address in H:\xampp\htdocs\opencart\upload\catalog\model\catalog\product.php on line 16
2016-11-29 9:24:35 - PHP Notice:  Undefined index: custom_address in H:\xampp\htdocs\opencart\upload\catalog\model\catalog\product.php on line 16
2016-11-29 9:24:35 - PHP Notice:  Undefined index: custom_address in H:\xampp\htdocs\opencart\upload\catalog\model\catalog\product.php on line 16
2016-11-29 9:24:50 - PHP Notice:  Undefined index: custom_address in H:\xampp\htdocs\opencart\upload\catalog\model\catalog\product.php on line 16
2016-11-29 9:24:50 - PHP Notice:  Undefined index: custom_address in H:\xampp\htdocs\opencart\upload\catalog\model\catalog\product.php on line 16
2016-11-29 9:24:50 - PHP Notice:  Undefined index: custom_address in H:\xampp\htdocs\opencart\upload\catalog\model\catalog\product.php on line 16
2016-11-29 9:24:50 - PHP Notice:  Undefined index: custom_address in H:\xampp\htdocs\opencart\upload\catalog\model\catalog\product.php on line 16
2016-11-29 9:26:20 - PHP Notice:  Undefined index: custom_address in H:\xampp\htdocs\opencart\upload\catalog\model\catalog\product.php on line 16
2016-11-29 9:26:20 - PHP Notice:  Undefined index: custom_address in H:\xampp\htdocs\opencart\upload\catalog\model\catalog\product.php on line 16
2016-11-29 9:26:20 - PHP Notice:  Undefined index: custom_address in H:\xampp\htdocs\opencart\upload\catalog\model\catalog\product.php on line 16
2016-11-29 9:26:20 - PHP Notice:  Undefined index: custom_address in H:\xampp\htdocs\opencart\upload\catalog\model\catalog\product.php on line 16
2016-11-29 9:27:19 - PHP Notice:  Undefined index: custom_address in H:\xampp\htdocs\opencart\upload\system\modification\catalog\model\catalog\product.php on line 16
2016-11-29 9:27:19 - PHP Notice:  Undefined index: custom_address in H:\xampp\htdocs\opencart\upload\system\modification\catalog\model\catalog\product.php on line 16
2016-11-29 9:27:19 - PHP Notice:  Undefined index: custom_address in H:\xampp\htdocs\opencart\upload\system\modification\catalog\model\catalog\product.php on line 16
2016-11-29 9:27:19 - PHP Notice:  Undefined index: custom_address in H:\xampp\htdocs\opencart\upload\system\modification\catalog\model\catalog\product.php on line 16
2016-11-29 9:28:12 - PHP Notice:  Undefined index: custom_address in H:\xampp\htdocs\opencart\upload\catalog\model\catalog\product.php on line 16
2016-11-29 9:28:12 - PHP Notice:  Undefined index: custom_address in H:\xampp\htdocs\opencart\upload\catalog\model\catalog\product.php on line 16
2016-11-29 9:28:12 - PHP Notice:  Undefined index: custom_address in H:\xampp\htdocs\opencart\upload\catalog\model\catalog\product.php on line 16
2016-11-29 9:28:12 - PHP Notice:  Undefined index: custom_address in H:\xampp\htdocs\opencart\upload\catalog\model\catalog\product.php on line 16
2016-11-29 9:28:21 - PHP Notice:  Undefined index: custom_address in H:\xampp\htdocs\opencart\upload\catalog\model\catalog\product.php on line 16
2016-11-29 9:28:23 - PHP Notice:  Undefined variable: description_another in H:\xampp\htdocs\opencart\upload\catalog\view\theme\default\template\product\product.tpl on line 62
2016-11-29 9:30:29 - PHP Notice:  Undefined variable: description_another in H:\xampp\htdocs\opencart\upload\catalog\view\theme\default\template\product\product.tpl on line 62
2016-11-29 9:36:16 - PHP Notice:  Undefined variable: description_another in H:\xampp\htdocs\opencart\upload\catalog\view\theme\default\template\product\product.tpl on line 62
2016-11-29 9:40:13 - PHP Notice:  Undefined variable: description_another in H:\xampp\htdocs\opencart\upload\catalog\view\theme\default\template\product\product.tpl on line 62
2016-11-29 9:42:12 - PHP Notice:  Undefined variable: description_another in H:\xampp\htdocs\opencart\upload\catalog\view\theme\default\template\product\product.tpl on line 62
2016-11-29 9:45:38 - PHP Notice:  Undefined variable: description_another in H:\xampp\htdocs\opencart\upload\catalog\view\theme\default\template\product\product.tpl on line 62
2016-11-29 9:45:56 - PHP Notice:  Undefined variable: description_another in H:\xampp\htdocs\opencart\upload\catalog\view\theme\default\template\product\product.tpl on line 62
2016-11-29 9:46:13 - PHP Notice:  Undefined variable: description_another in H:\xampp\htdocs\opencart\upload\catalog\view\theme\default\template\product\product.tpl on line 62
2016-11-29 9:47:28 - PHP Notice:  Undefined variable: description_another in H:\xampp\htdocs\opencart\upload\catalog\view\theme\default\template\product\product.tpl on line 62
2016-11-29 9:49:13 - PHP Notice:  Undefined variable: description_another in H:\xampp\htdocs\opencart\upload\catalog\view\theme\default\template\product\product.tpl on line 62
2016-11-29 10:10:25 - PHP Notice:  Undefined variable: description_another in H:\xampp\htdocs\opencart\upload\catalog\view\theme\default\template\product\product.tpl on line 62
2016-11-29 10:19:27 - PHP Notice:  Undefined variable: description_another in H:\xampp\htdocs\opencart\upload\catalog\view\theme\default\template\product\product.tpl on line 62
2016-11-29 10:27:55 - PHP Notice:  Undefined variable: description_another in H:\xampp\htdocs\opencart\upload\catalog\view\theme\default\template\product\product.tpl on line 62
2016-11-29 10:32:37 - PHP Notice:  Undefined variable: description_another in H:\xampp\htdocs\opencart\upload\catalog\view\theme\default\template\product\product.tpl on line 62
2016-11-29 10:40:05 - PHP Notice:  Undefined variable: description_another in H:\xampp\htdocs\opencart\upload\catalog\view\theme\default\template\product\product.tpl on line 62
2016-11-29 10:41:58 - PHP Notice:  Undefined variable: description_another in H:\xampp\htdocs\opencart\upload\catalog\view\theme\default\template\product\product.tpl on line 62
2016-11-29 10:51:03 - PHP Notice:  Undefined variable: description_another in H:\xampp\htdocs\opencart\upload\catalog\view\theme\default\template\product\product.tpl on line 62
2016-11-29 11:15:47 - PHP Notice:  Undefined variable: description_another in H:\xampp\htdocs\opencart\upload\catalog\view\theme\default\template\product\product.tpl on line 62
2016-11-29 11:21:22 - PHP Notice:  Undefined variable: description_another in H:\xampp\htdocs\opencart\upload\catalog\view\theme\default\template\product\product.tpl on line 62
2016-11-29 11:29:52 - PHP Notice:  Undefined variable: description_another in H:\xampp\htdocs\opencart\upload\catalog\view\theme\default\template\product\product.tpl on line 62
2016-11-29 11:35:27 - PHP Notice:  Undefined variable: description_another in H:\xampp\htdocs\opencart\upload\catalog\view\theme\default\template\product\product.tpl on line 62
2016-11-29 11:45:11 - PHP Notice:  Undefined variable: description_another in H:\xampp\htdocs\opencart\upload\catalog\view\theme\default\template\product\product.tpl on line 62
2016-11-29 11:49:30 - PHP Notice:  Undefined variable: description_another in H:\xampp\htdocs\opencart\upload\catalog\view\theme\default\template\product\product.tpl on line 62
2016-11-29 11:54:03 - PHP Notice:  Undefined variable: description_another in H:\xampp\htdocs\opencart\upload\catalog\view\theme\default\template\product\product.tpl on line 62
2016-11-29 12:17:00 - PHP Notice:  Undefined variable: description_another in H:\xampp\htdocs\opencart\upload\catalog\view\theme\default\template\product\product.tpl on line 62
2016-11-30 9:07:00 - PHP Notice:  Undefined index: custom_shortdesc in H:\xampp\htdocs\opencart\upload\catalog\model\catalog\product.php on line 16
2016-11-30 9:07:00 - PHP Notice:  Undefined index: custom_shortaddress in H:\xampp\htdocs\opencart\upload\catalog\model\catalog\product.php on line 18
2016-11-30 9:07:00 - PHP Notice:  Undefined index: custom_plan in H:\xampp\htdocs\opencart\upload\catalog\model\catalog\product.php on line 19
2016-11-30 9:07:00 - PHP Notice:  Undefined index: custom_shortdesc in H:\xampp\htdocs\opencart\upload\catalog\model\catalog\product.php on line 16
2016-11-30 9:07:00 - PHP Notice:  Undefined index: custom_shortaddress in H:\xampp\htdocs\opencart\upload\catalog\model\catalog\product.php on line 18
2016-11-30 9:07:00 - PHP Notice:  Undefined index: custom_plan in H:\xampp\htdocs\opencart\upload\catalog\model\catalog\product.php on line 19
2016-11-30 9:07:00 - PHP Notice:  Undefined index: custom_shortdesc in H:\xampp\htdocs\opencart\upload\catalog\model\catalog\product.php on line 16
2016-11-30 9:07:00 - PHP Notice:  Undefined index: custom_shortaddress in H:\xampp\htdocs\opencart\upload\catalog\model\catalog\product.php on line 18
2016-11-30 9:07:00 - PHP Notice:  Undefined index: custom_plan in H:\xampp\htdocs\opencart\upload\catalog\model\catalog\product.php on line 19
2016-11-30 9:07:00 - PHP Notice:  Undefined index: custom_shortdesc in H:\xampp\htdocs\opencart\upload\catalog\model\catalog\product.php on line 16
2016-11-30 9:07:00 - PHP Notice:  Undefined index: custom_shortaddress in H:\xampp\htdocs\opencart\upload\catalog\model\catalog\product.php on line 18
2016-11-30 9:07:00 - PHP Notice:  Undefined index: custom_plan in H:\xampp\htdocs\opencart\upload\catalog\model\catalog\product.php on line 19
2016-11-30 9:07:00 - PHP Notice:  Undefined index: custom_shortdesc in H:\xampp\htdocs\opencart\upload\catalog\model\catalog\product.php on line 16
2016-11-30 9:07:00 - PHP Notice:  Undefined index: custom_shortaddress in H:\xampp\htdocs\opencart\upload\catalog\model\catalog\product.php on line 18
2016-11-30 9:07:00 - PHP Notice:  Undefined index: custom_plan in H:\xampp\htdocs\opencart\upload\catalog\model\catalog\product.php on line 19
2016-11-30 9:07:00 - PHP Notice:  Undefined index: custom_shortdesc in H:\xampp\htdocs\opencart\upload\catalog\model\catalog\product.php on line 16
2016-11-30 9:07:00 - PHP Notice:  Undefined index: custom_shortaddress in H:\xampp\htdocs\opencart\upload\catalog\model\catalog\product.php on line 18
2016-11-30 9:07:00 - PHP Notice:  Undefined index: custom_plan in H:\xampp\htdocs\opencart\upload\catalog\model\catalog\product.php on line 19
2016-11-30 9:18:40 - PHP Notice:  Undefined variable: description_another in H:\xampp\htdocs\opencart\upload\catalog\view\theme\default\template\product\product.tpl on line 66
2016-11-30 9:31:29 - PHP Notice:  Undefined variable: description_another in H:\xampp\htdocs\opencart\upload\catalog\view\theme\default\template\product\product.tpl on line 66
2016-11-30 9:45:24 - PHP Notice:  Undefined variable: description_another in C:\xampp\htdocs\opencart\upload\catalog\view\theme\default\template\product\product.tpl on line 66
2016-11-30 9:46:15 - PHP Notice:  Undefined variable: description_another in C:\xampp\htdocs\opencart\upload\catalog\view\theme\default\template\product\product.tpl on line 66
2016-11-30 11:08:22 - PHP Notice:  Undefined variable: description_another in C:\xampp\htdocs\opencart\upload\catalog\view\theme\default\template\product\product.tpl on line 66
2016-11-30 11:08:39 - PHP Notice:  Undefined variable: description_another in C:\xampp\htdocs\opencart\upload\catalog\view\theme\default\template\product\product.tpl on line 66
2016-11-30 11:25:59 - PHP Notice:  Undefined variable: description_another in C:\xampp\htdocs\opencart\upload\catalog\view\theme\default\template\product\product.tpl on line 66
2016-12-07 6:39:08 - PHP Notice:  Undefined variable: description_another in C:\xampp\htdocs\opencart\upload\catalog\view\theme\default\template\product\product.tpl on line 66
2016-12-07 6:39:57 - PHP Notice:  Undefined variable: description_another in C:\xampp\htdocs\opencart\upload\catalog\view\theme\default\template\product\product.tpl on line 66
