2016-11-29 9:26:54 - MOD: Modification Default
FILE: system/engine/action.php
REGEX: ~(require|include)(_once)?\(([^)]+)~
LINE: 58
FILE: system/engine/loader.php
REGEX: ~(require|include)(_once)?\(([^)]+)~
LINE: 20
LINE: 37
LINE: 54
LINE: 65
FILE: system/library/config.php
REGEX: ~(require|include)(_once)?\(([^)]+)~
LINE: 23
FILE: system/library/language.php
REGEX: ~(require|include)(_once)?\(([^)]+)~
LINE: 21
LINE: 27
----------------------------------------------------------------
MOD: HTML Product Attribute
FILE: admin/view/template/catalog/product_form.tpl
CODE: var attribute_row = <?php echo $attribute_row; ?>;
LINE: 1093
CODE: $('#attribute tbody').append(html);
LINE: 1115
FILE: catalog/model/catalog/product.php
CODE: $product_attribute_data[] = array(
LINE: 307
----------------------------------------------------------------
2016-11-29 9:27:50 - MOD: Modification Default
FILE: system/engine/action.php
REGEX: ~(require|include)(_once)?\(([^)]+)~
LINE: 58
FILE: system/engine/loader.php
REGEX: ~(require|include)(_once)?\(([^)]+)~
LINE: 20
LINE: 37
LINE: 54
LINE: 65
FILE: system/library/config.php
REGEX: ~(require|include)(_once)?\(([^)]+)~
LINE: 23
FILE: system/library/language.php
REGEX: ~(require|include)(_once)?\(([^)]+)~
LINE: 21
LINE: 27
----------------------------------------------------------------
2016-11-30 7:06:40 - MOD: Modification Default
FILE: system/engine/action.php
REGEX: ~(require|include)(_once)?\(([^)]+)~
LINE: 58
FILE: system/engine/loader.php
REGEX: ~(require|include)(_once)?\(([^)]+)~
LINE: 20
LINE: 37
LINE: 54
LINE: 65
FILE: system/library/config.php
REGEX: ~(require|include)(_once)?\(([^)]+)~
LINE: 23
FILE: system/library/language.php
REGEX: ~(require|include)(_once)?\(([^)]+)~
LINE: 21
LINE: 27
----------------------------------------------------------------
2016-11-30 7:24:36 - MOD: Modification Default
FILE: system/engine/action.php
REGEX: ~(require|include)(_once)?\(([^)]+)~
LINE: 58
FILE: system/engine/loader.php
REGEX: ~(require|include)(_once)?\(([^)]+)~
LINE: 20
LINE: 37
LINE: 54
LINE: 65
FILE: system/library/config.php
REGEX: ~(require|include)(_once)?\(([^)]+)~
LINE: 23
FILE: system/library/language.php
REGEX: ~(require|include)(_once)?\(([^)]+)~
LINE: 21
LINE: 27
----------------------------------------------------------------
2016-11-30 8:24:47 - MOD: Modification Default
FILE: system/engine/action.php
REGEX: ~(require|include)(_once)?\(([^)]+)~
LINE: 58
FILE: system/engine/loader.php
REGEX: ~(require|include)(_once)?\(([^)]+)~
LINE: 20
LINE: 37
LINE: 54
LINE: 65
FILE: system/library/config.php
REGEX: ~(require|include)(_once)?\(([^)]+)~
LINE: 23
FILE: system/library/language.php
REGEX: ~(require|include)(_once)?\(([^)]+)~
LINE: 21
LINE: 27
----------------------------------------------------------------
